
> anurag-portfolio@0.0.0 build
> vite build

[36mvite v8.0.0 [32mbuilding client environment for production...[36m[39m
[2Ktransforming...Error: Cannot apply unknown utility class `bg-studio-dark`. Are you using CSS modules or similar and missing `@reference`? https://tailwindcss.com/docs/functions-and-directives#reference-directive
    at onInvalidCandidate (C:\Users\jhaka\Anurag Portfolio\node_modules\tailwindcss\dist\lib.js:21:1314)
    at Ee (C:\Users\jhaka\Anurag Portfolio\node_modules\tailwindcss\dist\lib.js:16:37066)
    at C:\Users\jhaka\Anurag Portfolio\node_modules\tailwindcss\dist\lib.js:21:355
    at Pr (C:\Users\jhaka\Anurag Portfolio\node_modules\tailwindcss\dist\lib.js:3:1733)
    at _ (C:\Users\jhaka\Anurag Portfolio\node_modules\tailwindcss\dist\lib.js:3:1377)
    at Te (C:\Users\jhaka\Anurag Portfolio\node_modules\tailwindcss\dist\lib.js:21:172)
    at pn (C:\Users\jhaka\Anurag Portfolio\node_modules\tailwindcss\dist\lib.js:38:294)
    at async dn (C:\Users\jhaka\Anurag Portfolio\node_modules\tailwindcss\dist\lib.js:38:631)
    at async Xr (C:\Users\jhaka\Anurag Portfolio\node_modules\@tailwindcss\node\dist\index.js:10:3417)
    at async N (C:\Users\jhaka\Anurag Portfolio\node_modules\@tailwindcss\postcss\dist\index.js:10:3979)
✓ 2132 modules transformed.
[31m✗[39m Build failed in 1.95s
[31merror during build:
[31mBuild failed with 1 error:

[plugin vite:css] C:/Users/jhaka/Anurag Portfolio/src/index.css:1:0
CssSyntaxError: [postcss] tailwindcss: C:/Users/jhaka/Anurag Portfolio/src/index.css:1:1: Cannot apply unknown utility class `bg-studio-dark`. Are you using CSS modules or similar and missing `@reference`? https://tailwindcss.com/docs/functions-and-directives#reference-directive
    at Input.error (C:\Users\jhaka\Anurag Portfolio\node_modules\postcss\lib\input.js:135:16)
    at Root.error (C:\Users\jhaka\Anurag Portfolio\node_modules\postcss\lib\node.js:146:32)
    at Object.Once (C:\Users\jhaka\Anurag Portfolio\node_modules\@tailwindcss\postcss\dist\index.js:10:6913)
    at async LazyResult.runAsync (C:\Users\jhaka\Anurag Portfolio\node_modules\postcss\lib\lazy-result.js:293:11)
    at async runPostCSS (file:///C:/Users/jhaka/Anurag%20Portfolio/node_modules/vite/dist/node/chunks/node.js:20913:19)
    at async compilePostCSS (file:///C:/Users/jhaka/Anurag%20Portfolio/node_modules/vite/dist/node/chunks/node.js:20897:6)
    at async compileCSS (file:///C:/Users/jhaka/Anurag%20Portfolio/node_modules/vite/dist/node/chunks/node.js:20827:26)
    at async TransformPluginContextImpl.handler (file:///C:/Users/jhaka/Anurag%20Portfolio/node_modules/vite/dist/node/chunks/node.js:20343:47)
    at async plugin (file:///C:/Users/jhaka/Anurag%20Portfolio/node_modules/rolldown/dist/shared/bindingify-input-options-Cu7pt6SZ.mjs:1106:16)
    at async plugin.<computed> (file:///C:/Users/jhaka/Anurag%20Portfolio/node_modules/rolldown/dist/shared/bindingify-input-options-Cu7pt6SZ.mjs:1570:12)[31m
    at aggregateBindingErrorsIntoJsError (file:///C:/Users/jhaka/Anurag%20Portfolio/node_modules/rolldown/dist/shared/error-CP8smW_P.mjs:48:18)
    at unwrapBindingResult (file:///C:/Users/jhaka/Anurag%20Portfolio/node_modules/rolldown/dist/shared/error-CP8smW_P.mjs:18:128)
    at #build (file:///C:/Users/jhaka/Anurag%20Portfolio/node_modules/rolldown/dist/shared/rolldown-build-4YnQkA76.mjs:3311:34)
    at async buildEnvironment (file:///C:/Users/jhaka/Anurag%20Portfolio/node_modules/vite/dist/node/chunks/node.js:32794:64)
    at async Object.build (file:///C:/Users/jhaka/Anurag%20Portfolio/node_modules/vite/dist/node/chunks/node.js:33216:19)
    at async Object.buildApp (file:///C:/Users/jhaka/Anurag%20Portfolio/node_modules/vite/dist/node/chunks/node.js:33213:153)
    at async CAC.<anonymous> (file:///C:/Users/jhaka/Anurag%20Portfolio/node_modules/vite/dist/node/cli.js:778:3) {
  errors: [Getter/Setter]
}[39m
